<?xml version="1.0" encoding="UTF-8"?>
<testng-results skipped="0" failed="0" total="1" passed="1">
  <reporter-output>
  </reporter-output>
  <suite name="Default suite" duration-ms="20" started-at="2016-03-21T15:41:35Z" finished-at="2016-03-21T15:41:35Z">
    <groups>
    </groups>
    <test name="Default test" duration-ms="20" started-at="2016-03-21T15:41:35Z" finished-at="2016-03-21T15:41:35Z">
      <class name="testATE.testStrings">
        <test-method status="PASS" signature="testGetNumberOfWords()[pri:0, instance:testATE.testStrings@d70c109]" name="testGetNumberOfWords" duration-ms="10" started-at="2016-03-21T17:41:35Z" finished-at="2016-03-21T17:41:35Z">
          <reporter-output>
          </reporter-output>
        </test-method> <!-- testGetNumberOfWords -->
      </class> <!-- testATE.testStrings -->
    </test> <!-- Default test -->
  </suite> <!-- Default suite -->
</testng-results>
