<?xml version="1.0" encoding="UTF-8"?>
<!-- Generated by org.testng.reporters.JUnitXMLReporter -->
<testsuite hostname="CP1233" name="Default test" tests="6" failures="0" timestamp="18 Mar 2016 15:00:16 GMT" time="0.025" errors="0">
  <testcase name="TestDivide" time="0.01" classname="testATE.TestCalculator"/>
  <testcase name="TestGetA" time="0.001" classname="testATE.TestCalculator"/>
  <testcase name="TestGetB" time="0.001" classname="testATE.TestCalculator"/>
  <testcase name="TestMinus" time="0.0" classname="testATE.TestCalculator"/>
  <testcase name="TestMultiply" time="0.001" classname="testATE.TestCalculator"/>
  <testcase name="TestPlus" time="0.0" classname="testATE.TestCalculator"/>
</testsuite> <!-- Default test -->
